<?xml version="1.0" encoding="UTF-8"?>
<testsuite name="Tests" tests="1" skipped="0" failures="0" errors="0" timestamp="2021-11-10T16:38:53" hostname="Starlins-MBP.attlocal.net" time="5.179">
  <properties/>
  <testcase name="start" classname="Tests" time="5.179"/>
  <system-out><![CDATA[?[1;31m
Start test 1?[0m

  .   ____          _            __ _ _
 /\\ / ___'_ __ _ _(_)_ __  __ _ \ \ \ \
( ( )\___ | '_ | '_| | '_ \/ _` | \ \ \ \
 \\/  ___)| |_)| | | | | || (_| |  ) ) ) )
  '  |____| .__|_| |_|_| |_\__, | / / / /
 =========|_|==============|___/=/_/_/_/
 :: Spring Boot ::        (v2.3.1.RELEASE)

2021-11-10 10:38:54.185  INFO 47964 --- [    Test worker] task.Main                                : Starting Main on Starlins-MBP.attlocal.net with PID 47964 (started by starlinlq in /Users/starlinlq/Desktop/Untitled/Cinema Room Service/Topics/Exception handling/Improve the program)
2021-11-10 10:38:54.188  INFO 47964 --- [    Test worker] task.Main                                : No active profile set, falling back to default profiles: default
2021-11-10 10:38:56.556  INFO 47964 --- [    Test worker] o.s.b.w.embedded.tomcat.TomcatWebServer  : Tomcat initialized with port(s): 28852 (http)
2021-11-10 10:38:56.591  INFO 47964 --- [    Test worker] o.apache.catalina.core.StandardService   : Starting service [Tomcat]
2021-11-10 10:38:56.594  INFO 47964 --- [    Test worker] org.apache.catalina.core.StandardEngine  : Starting Servlet engine: [Apache Tomcat/9.0.36]
2021-11-10 10:38:56.753  INFO 47964 --- [    Test worker] o.a.c.c.C.[Tomcat].[localhost].[/]       : Initializing Spring embedded WebApplicationContext
2021-11-10 10:38:56.754  INFO 47964 --- [    Test worker] w.s.c.ServletWebServerApplicationContext : Root WebApplicationContext: initialization completed in 2499 ms
2021-11-10 10:38:57.283  INFO 47964 --- [    Test worker] o.s.s.concurrent.ThreadPoolTaskExecutor  : Initializing ExecutorService 'applicationTaskExecutor'
2021-11-10 10:38:57.632  INFO 47964 --- [    Test worker] o.s.b.a.e.web.EndpointLinksResolver      : Exposing 14 endpoint(s) beneath base path '/actuator'
2021-11-10 10:38:57.693  INFO 47964 --- [    Test worker] o.s.b.w.embedded.tomcat.TomcatWebServer  : Tomcat started on port(s): 28852 (http) with context path ''
2021-11-10 10:38:57.710  INFO 47964 --- [    Test worker] task.Main                                : Started Main in 4.019 seconds (JVM running for 5.0)
2021-11-10 10:38:58.209  INFO 47964 --- [io-28852-exec-1] o.a.c.c.C.[Tomcat].[localhost].[/]       : Initializing Spring DispatcherServlet 'dispatcherServlet'
2021-11-10 10:38:58.211  INFO 47964 --- [io-28852-exec-1] o.s.web.servlet.DispatcherServlet        : Initializing Servlet 'dispatcherServlet'
2021-11-10 10:38:58.224  INFO 47964 --- [io-28852-exec-1] o.s.web.servlet.DispatcherServlet        : Completed initialization in 13 ms
?[1;31m
Start test 2?[0m
?[1;31m
Start test 3?[0m
?[1;31m
Start test 4?[0m
?[1;31m
Start test 5?[0m
?[1;31m
Start test 6?[0m
?[1;31m
Start test 7?[0m
?[1;31m
Start test 8?[0m
?[1;31m
Start test 9?[0m
?[1;31m
Start test 10?[0m
?[1;31m
Start test 11?[0m
?[1;31m
Start test 12?[0m
?[1;31m
Start test 13?[0m
?[1;31m
Start test 14?[0m
?[1;31m
Start test 15?[0m
?[1;31m
Start test 16?[0m
?[1;31m
Start test 17?[0m
?[1;31m
Start test 18?[0m
?[1;31m
Start test 19?[0m
?[1;31m
Start test 20?[0m
?[1;31m
Start test 21?[0m
?[1;31m
Start test 22?[0m
]]></system-out>
  <system-err><![CDATA[]]></system-err>
</testsuite>
