<?xml version="1.0" encoding="UTF-8"?>
<testsuite name="WebCalculatorApplicationTest" tests="1" skipped="0" failures="0" errors="0" timestamp="2021-11-09T23:35:52" hostname="Starlins-MBP.attlocal.net" time="4.093">
  <properties/>
  <testcase name="start" classname="WebCalculatorApplicationTest" time="4.093"/>
  <system-out><![CDATA[?[1;31m
Start test 1?[0m

  .   ____          _            __ _ _
 /\\ / ___'_ __ _ _(_)_ __  __ _ \ \ \ \
( ( )\___ | '_ | '_| | '_ \/ _` | \ \ \ \
 \\/  ___)| |_)| | | | | || (_| |  ) ) ) )
  '  |____| .__|_| |_|_| |_\__, | / / / /
 =========|_|==============|___/=/_/_/_/
 :: Spring Boot ::        (v2.3.1.RELEASE)

2021-11-09 17:35:53.583  INFO 44733 --- [    Test worker] calculator.WebCalculatorApplication      : Starting WebCalculatorApplication on Starlins-MBP.attlocal.net with PID 44733 (started by starlinlq in /Users/starlinlq/Desktop/Untitled/Cinema Room Service/Topics/Posting and deleting data via REST/Web calculator)
2021-11-09 17:35:53.588  INFO 44733 --- [    Test worker] calculator.WebCalculatorApplication      : No active profile set, falling back to default profiles: default
2021-11-09 17:35:55.155  INFO 44733 --- [    Test worker] o.s.b.w.embedded.tomcat.TomcatWebServer  : Tomcat initialized with port(s): 8889 (http)
2021-11-09 17:35:55.173  INFO 44733 --- [    Test worker] o.apache.catalina.core.StandardService   : Starting service [Tomcat]
2021-11-09 17:35:55.174  INFO 44733 --- [    Test worker] org.apache.catalina.core.StandardEngine  : Starting Servlet engine: [Apache Tomcat/9.0.36]
2021-11-09 17:35:55.286  INFO 44733 --- [    Test worker] o.a.c.c.C.[Tomcat].[localhost].[/]       : Initializing Spring embedded WebApplicationContext
2021-11-09 17:35:55.287  INFO 44733 --- [    Test worker] w.s.c.ServletWebServerApplicationContext : Root WebApplicationContext: initialization completed in 1646 ms
2021-11-09 17:35:55.702  INFO 44733 --- [    Test worker] o.s.s.concurrent.ThreadPoolTaskExecutor  : Initializing ExecutorService 'applicationTaskExecutor'
2021-11-09 17:35:56.160  INFO 44733 --- [    Test worker] o.s.b.a.e.web.EndpointLinksResolver      : Exposing 14 endpoint(s) beneath base path '/actuator'
2021-11-09 17:35:56.225  INFO 44733 --- [    Test worker] o.s.b.w.embedded.tomcat.TomcatWebServer  : Tomcat started on port(s): 8889 (http) with context path ''
2021-11-09 17:35:56.243  INFO 44733 --- [    Test worker] calculator.WebCalculatorApplication      : Started WebCalculatorApplication in 3.053 seconds (JVM running for 3.899)
2021-11-09 17:35:56.724  INFO 44733 --- [nio-8889-exec-1] o.a.c.c.C.[Tomcat].[localhost].[/]       : Initializing Spring DispatcherServlet 'dispatcherServlet'
2021-11-09 17:35:56.726  INFO 44733 --- [nio-8889-exec-1] o.s.web.servlet.DispatcherServlet        : Initializing Servlet 'dispatcherServlet'
2021-11-09 17:35:56.742  INFO 44733 --- [nio-8889-exec-1] o.s.web.servlet.DispatcherServlet        : Completed initialization in 15 ms
?[1;31m
Start test 2?[0m
?[1;31m
Start test 3?[0m
?[1;31m
Start test 4?[0m
]]></system-out>
  <system-err><![CDATA[]]></system-err>
</testsuite>
