<?xml version="1.0" encoding="UTF-8"?>
<testsuite name="tests.WebQuizEngineTest" tests="1" skipped="0" failures="0" errors="0" timestamp="2021-11-16T00:32:44" hostname="Starlins-MBP.attlocal.net" time="26.917">
  <properties/>
  <testcase name="start" classname="tests.WebQuizEngineTest" time="26.917"/>
  <system-out><![CDATA[?[1;31m
Start test 1?[0m

  .   ____          _            __ _ _
 /\\ / ___'_ __ _ _(_)_ __  __ _ \ \ \ \
( ( )\___ | '_ | '_| | '_ \/ _` | \ \ \ \
 \\/  ___)| |_)| | | | | || (_| |  ) ) ) )
  '  |____| .__|_| |_|_| |_\__, | / / / /
 =========|_|==============|___/=/_/_/_/
 :: Spring Boot ::        (v2.2.2.RELEASE)

2021-11-15 18:32:44.656  INFO 12118 --- [    Test worker] engine.WebQuizEngine                     : Starting WebQuizEngine on Starlins-MBP.attlocal.net with PID 12118 (started by starlinlq in /Users/starlinlq/Desktop/Untitled/Quiz engine/Web Quiz Engine/task)
2021-11-15 18:32:44.660  INFO 12118 --- [    Test worker] engine.WebQuizEngine                     : No active profile set, falling back to default profiles: default
2021-11-15 18:32:45.720  INFO 12118 --- [    Test worker] .s.d.r.c.RepositoryConfigurationDelegate : Bootstrapping Spring Data JPA repositories in DEFAULT mode.
2021-11-15 18:32:45.794  INFO 12118 --- [    Test worker] .s.d.r.c.RepositoryConfigurationDelegate : Finished Spring Data repository scanning in 61ms. Found 2 JPA repository interfaces.
2021-11-15 18:32:46.209  INFO 12118 --- [    Test worker] trationDelegate$BeanPostProcessorChecker : Bean 'org.springframework.transaction.annotation.ProxyTransactionManagementConfiguration' of type [org.springframework.transaction.annotation.ProxyTransactionManagementConfiguration] is not eligible for getting processed by all BeanPostProcessors (for example: not eligible for auto-proxying)
2021-11-15 18:32:46.493  INFO 12118 --- [    Test worker] o.s.b.w.embedded.tomcat.TomcatWebServer  : Tomcat initialized with port(s): 8889 (http)
2021-11-15 18:32:46.508  INFO 12118 --- [    Test worker] o.apache.catalina.core.StandardService   : Starting service [Tomcat]
2021-11-15 18:32:46.508  INFO 12118 --- [    Test worker] org.apache.catalina.core.StandardEngine  : Starting Servlet engine: [Apache Tomcat/9.0.29]
2021-11-15 18:32:46.618  INFO 12118 --- [    Test worker] o.a.c.c.C.[Tomcat].[localhost].[/]       : Initializing Spring embedded WebApplicationContext
2021-11-15 18:32:46.619  INFO 12118 --- [    Test worker] o.s.web.context.ContextLoader            : Root WebApplicationContext: initialization completed in 1903 ms
2021-11-15 18:32:46.753  INFO 12118 --- [    Test worker] com.zaxxer.hikari.HikariDataSource       : HikariPool-1 - Starting...
2021-11-15 18:32:46.955  INFO 12118 --- [    Test worker] com.zaxxer.hikari.HikariDataSource       : HikariPool-1 - Start completed.
2021-11-15 18:32:46.963  INFO 12118 --- [    Test worker] o.s.b.a.h2.H2ConsoleAutoConfiguration    : H2 console available at '/h2-console'. Database available at 'jdbc:h2:file:../quizdb'
2021-11-15 18:32:47.229  INFO 12118 --- [    Test worker] o.hibernate.jpa.internal.util.LogHelper  : HHH000204: Processing PersistenceUnitInfo [name: default]
2021-11-15 18:32:47.322  INFO 12118 --- [    Test worker] org.hibernate.Version                    : HHH000412: Hibernate Core {5.4.9.Final}
2021-11-15 18:32:47.518  INFO 12118 --- [    Test worker] o.hibernate.annotations.common.Version   : HCANN000001: Hibernate Commons Annotations {5.1.0.Final}
2021-11-15 18:32:47.640  INFO 12118 --- [    Test worker] org.hibernate.dialect.Dialect            : HHH000400: Using dialect: org.hibernate.dialect.H2Dialect
2021-11-15 18:32:48.509  INFO 12118 --- [    Test worker] o.h.e.t.j.p.i.JtaPlatformInitiator       : HHH000490: Using JtaPlatform implementation: [org.hibernate.engine.transaction.jta.platform.internal.NoJtaPlatform]
2021-11-15 18:32:48.517  INFO 12118 --- [    Test worker] j.LocalContainerEntityManagerFactoryBean : Initialized JPA EntityManagerFactory for persistence unit 'default'
2021-11-15 18:32:48.564  WARN 12118 --- [    Test worker] JpaBaseConfiguration$JpaWebConfiguration : spring.jpa.open-in-view is enabled by default. Therefore, database queries may be performed during view rendering. Explicitly configure spring.jpa.open-in-view to disable this warning
2021-11-15 18:32:49.268  INFO 12118 --- [    Test worker] o.s.b.a.e.web.EndpointLinksResolver      : Exposing 14 endpoint(s) beneath base path '/actuator'
2021-11-15 18:32:49.330  INFO 12118 --- [    Test worker] o.s.s.web.DefaultSecurityFilterChain     : Creating filter chain: any request, [org.springframework.security.web.context.request.async.WebAsyncManagerIntegrationFilter@5547a3b9, org.springframework.security.web.context.SecurityContextPersistenceFilter@2c057b07, org.springframework.security.web.header.HeaderWriterFilter@4239b41, org.springframework.security.web.authentication.logout.LogoutFilter@104013d2, org.springframework.security.web.authentication.www.BasicAuthenticationFilter@1aa27387, org.springframework.security.web.savedrequest.RequestCacheAwareFilter@21cd5243, org.springframework.security.web.servletapi.SecurityContextHolderAwareRequestFilter@596af48c, org.springframework.security.web.authentication.AnonymousAuthenticationFilter@7251928e, org.springframework.security.web.session.SessionManagementFilter@354caf2a, org.springframework.security.web.access.ExceptionTranslationFilter@3909c71a, org.springframework.security.web.access.intercept.FilterSecurityInterceptor@6325e1c0]
2021-11-15 18:32:49.409  INFO 12118 --- [    Test worker] o.s.s.concurrent.ThreadPoolTaskExecutor  : Initializing ExecutorService 'applicationTaskExecutor'
2021-11-15 18:32:49.639  INFO 12118 --- [    Test worker] o.s.b.w.embedded.tomcat.TomcatWebServer  : Tomcat started on port(s): 8889 (http) with context path ''
2021-11-15 18:32:49.641  INFO 12118 --- [    Test worker] engine.WebQuizEngine                     : Started WebQuizEngine in 5.386 seconds (JVM running for 6.243)
2021-11-15 18:32:50.045  INFO 12118 --- [nio-8889-exec-1] o.a.c.c.C.[Tomcat].[localhost].[/]       : Initializing Spring DispatcherServlet 'dispatcherServlet'
2021-11-15 18:32:50.046  INFO 12118 --- [nio-8889-exec-1] o.s.web.servlet.DispatcherServlet        : Initializing Servlet 'dispatcherServlet'
2021-11-15 18:32:50.057  INFO 12118 --- [nio-8889-exec-1] o.s.web.servlet.DispatcherServlet        : Completed initialization in 10 ms
?[1;31m
Start test 2?[0m
?[1;31m
Start test 3?[0m
2021-11-15 18:32:50.747  WARN 12118 --- [nio-8889-exec-4] .w.s.m.s.DefaultHandlerExceptionResolver : Resolved [org.springframework.web.bind.MethodArgumentNotValidException: Validation failed for argument [0] in public org.springframework.http.ResponseEntity<engine.user.User> engine.user.Controller.register(engine.user.User): [Field error in object 'user' on field 'email': rejected value [google.com]; codes [Pattern.user.email,Pattern.email,Pattern.java.lang.String,Pattern]; arguments [org.springframework.context.support.DefaultMessageSourceResolvable: codes [user.email,email]; arguments []; default message [email],[Ljavax.validation.constraints.Pattern$Flag;@3b538981,\w+[@]\w+[.]\w+]; default message [must match "\w+[@]\w+[.]\w+"]] ]
?[1;31m
Start test 4?[0m
2021-11-15 18:32:50.784  WARN 12118 --- [nio-8889-exec-5] .w.s.m.s.DefaultHandlerExceptionResolver : Resolved [org.springframework.web.bind.MethodArgumentNotValidException: Validation failed for argument [0] in public org.springframework.http.ResponseEntity<engine.user.User> engine.user.Controller.register(engine.user.User): [Field error in object 'user' on field 'email': rejected value [well@googlecom]; codes [Pattern.user.email,Pattern.email,Pattern.java.lang.String,Pattern]; arguments [org.springframework.context.support.DefaultMessageSourceResolvable: codes [user.email,email]; arguments []; default message [email],[Ljavax.validation.constraints.Pattern$Flag;@3b538981,\w+[@]\w+[.]\w+]; default message [must match "\w+[@]\w+[.]\w+"]] ]
?[1;31m
Start test 5?[0m
?[1;31m
Start test 6?[0m
2021-11-15 18:32:50.811  WARN 12118 --- [nio-8889-exec-7] .w.s.m.s.DefaultHandlerExceptionResolver : Resolved [org.springframework.web.bind.MethodArgumentNotValidException: Validation failed for argument [0] in public org.springframework.http.ResponseEntity<engine.user.User> engine.user.Controller.register(engine.user.User): [Field error in object 'user' on field 'password': rejected value [1234]; codes [Size.user.password,Size.password,Size.java.lang.String,Size]; arguments [org.springframework.context.support.DefaultMessageSourceResolvable: codes [user.password,password]; arguments []; default message [password],2147483647,5]; default message [size must be between 5 and 2147483647]] ]
?[1;31m
Start test 7?[0m
2021-11-15 18:32:50.820  WARN 12118 --- [nio-8889-exec-8] .w.s.m.s.DefaultHandlerExceptionResolver : Resolved [org.springframework.web.bind.MethodArgumentNotValidException: Validation failed for argument [0] in public org.springframework.http.ResponseEntity<engine.user.User> engine.user.Controller.register(engine.user.User): [Field error in object 'user' on field 'password': rejected value [123]; codes [Size.user.password,Size.password,Size.java.lang.String,Size]; arguments [org.springframework.context.support.DefaultMessageSourceResolvable: codes [user.password,password]; arguments []; default message [password],2147483647,5]; default message [size must be between 5 and 2147483647]] ]
?[1;31m
Start test 8?[0m
?[1;31m
Start test 9?[0m
?[1;31m
Start test 10?[0m
?[1;31m
Start test 11?[0m
[2]
?[1;31m
Start test 12?[0m
?[1;31m
Start test 13?[0m
?[1;31m
Start test 14?[0m
?[1;31m
Start test 15?[0m
[1]
?[1;31m
Start test 16?[0m
?[1;31m
Start test 17?[0m
?[1;31m
Start test 18?[0m
?[1;31m
Start test 19?[0m
?[1;31m
Start test 20?[0m
?[1;31m
Start test 21?[0m
?[1;31m
Start test 22?[0m
?[1;31m
Start test 23?[0m
?[1;31m
Start test 24?[0m
?[1;31m
Start test 25?[0m
?[1;31m
Start test 26?[0m
?[1;31m
Start test 27?[0m
?[1;31m
Start test 28?[0m
?[1;31m
Start test 29?[0m
?[1;31m
Start test 30?[0m
?[1;31m
Start test 31?[0m
?[1;31m
Start test 32?[0m
?[1;31m
Start test 33?[0m
?[1;31m
Start test 34?[0m
?[1;31m
Start test 35?[0m
?[1;31m
Start test 36?[0m
?[1;31m
Start test 37?[0m
?[1;31m
Start test 38?[0m
?[1;31m
Start test 39?[0m
?[1;31m
Start test 40?[0m
?[1;31m
Start test 41?[0m
?[1;31m
Start test 42?[0m
2021-11-15 18:32:54.223  INFO 12118 --- [       Thread-6] o.s.s.concurrent.ThreadPoolTaskExecutor  : Shutting down ExecutorService 'applicationTaskExecutor'
2021-11-15 18:32:54.226  INFO 12118 --- [       Thread-6] j.LocalContainerEntityManagerFactoryBean : Closing JPA EntityManagerFactory for persistence unit 'default'
2021-11-15 18:32:54.231  INFO 12118 --- [       Thread-6] com.zaxxer.hikari.HikariDataSource       : HikariPool-1 - Shutdown initiated...
2021-11-15 18:32:54.435  INFO 12118 --- [       Thread-6] com.zaxxer.hikari.HikariDataSource       : HikariPool-1 - Shutdown completed.

  .   ____          _            __ _ _
 /\\ / ___'_ __ _ _(_)_ __  __ _ \ \ \ \
( ( )\___ | '_ | '_| | '_ \/ _` | \ \ \ \
 \\/  ___)| |_)| | | | | || (_| |  ) ) ) )
  '  |____| .__|_| |_|_| |_\__, | / / / /
 =========|_|==============|___/=/_/_/_/
 :: Spring Boot ::        (v2.2.2.RELEASE)

2021-11-15 18:32:54.566  INFO 12118 --- [    Test worker] engine.WebQuizEngine                     : Starting WebQuizEngine on Starlins-MBP.attlocal.net with PID 12118 (started by starlinlq in /Users/starlinlq/Desktop/Untitled/Quiz engine/Web Quiz Engine/task)
2021-11-15 18:32:54.567  INFO 12118 --- [    Test worker] engine.WebQuizEngine                     : No active profile set, falling back to default profiles: default
2021-11-15 18:32:54.793  INFO 12118 --- [    Test worker] .s.d.r.c.RepositoryConfigurationDelegate : Bootstrapping Spring Data JPA repositories in DEFAULT mode.
2021-11-15 18:32:54.801  INFO 12118 --- [    Test worker] .s.d.r.c.RepositoryConfigurationDelegate : Finished Spring Data repository scanning in 8ms. Found 2 JPA repository interfaces.
2021-11-15 18:32:54.857  INFO 12118 --- [    Test worker] trationDelegate$BeanPostProcessorChecker : Bean 'org.springframework.transaction.annotation.ProxyTransactionManagementConfiguration' of type [org.springframework.transaction.annotation.ProxyTransactionManagementConfiguration] is not eligible for getting processed by all BeanPostProcessors (for example: not eligible for auto-proxying)
2021-11-15 18:32:54.896  WARN 12118 --- [    Test worker] org.apache.tomcat.util.modeler.Registry  : The MBean registry cannot be disabled because it has already been initialised
2021-11-15 18:32:54.899  INFO 12118 --- [    Test worker] o.s.b.w.embedded.tomcat.TomcatWebServer  : Tomcat initialized with port(s): 8889 (http)
2021-11-15 18:32:54.900  INFO 12118 --- [    Test worker] o.apache.catalina.core.StandardService   : Starting service [Tomcat]
2021-11-15 18:32:54.900  INFO 12118 --- [    Test worker] org.apache.catalina.core.StandardEngine  : Starting Servlet engine: [Apache Tomcat/9.0.29]
2021-11-15 18:32:54.918  INFO 12118 --- [    Test worker] o.a.c.c.C.[Tomcat].[localhost].[/]       : Initializing Spring embedded WebApplicationContext
2021-11-15 18:32:54.918  INFO 12118 --- [    Test worker] o.s.web.context.ContextLoader            : Root WebApplicationContext: initialization completed in 349 ms
2021-11-15 18:32:54.958  INFO 12118 --- [    Test worker] com.zaxxer.hikari.HikariDataSource       : HikariPool-2 - Starting...
2021-11-15 18:32:54.966  INFO 12118 --- [    Test worker] com.zaxxer.hikari.HikariDataSource       : HikariPool-2 - Start completed.
2021-11-15 18:32:54.966  INFO 12118 --- [    Test worker] o.s.b.a.h2.H2ConsoleAutoConfiguration    : H2 console available at '/h2-console'. Database available at 'jdbc:h2:file:../quizdb'
2021-11-15 18:32:55.056  INFO 12118 --- [    Test worker] o.hibernate.jpa.internal.util.LogHelper  : HHH000204: Processing PersistenceUnitInfo [name: default]
2021-11-15 18:32:55.060  INFO 12118 --- [    Test worker] org.hibernate.dialect.Dialect            : HHH000400: Using dialect: org.hibernate.dialect.H2Dialect
2021-11-15 18:32:55.150  INFO 12118 --- [    Test worker] o.h.e.t.j.p.i.JtaPlatformInitiator       : HHH000490: Using JtaPlatform implementation: [org.hibernate.engine.transaction.jta.platform.internal.NoJtaPlatform]
2021-11-15 18:32:55.151  INFO 12118 --- [    Test worker] j.LocalContainerEntityManagerFactoryBean : Initialized JPA EntityManagerFactory for persistence unit 'default'
2021-11-15 18:32:55.168  WARN 12118 --- [    Test worker] JpaBaseConfiguration$JpaWebConfiguration : spring.jpa.open-in-view is enabled by default. Therefore, database queries may be performed during view rendering. Explicitly configure spring.jpa.open-in-view to disable this warning
2021-11-15 18:32:55.292  INFO 12118 --- [    Test worker] o.s.b.a.e.web.EndpointLinksResolver      : Exposing 14 endpoint(s) beneath base path '/actuator'
2021-11-15 18:32:55.303  INFO 12118 --- [    Test worker] o.s.s.web.DefaultSecurityFilterChain     : Creating filter chain: any request, [org.springframework.security.web.context.request.async.WebAsyncManagerIntegrationFilter@7bff8114, org.springframework.security.web.context.SecurityContextPersistenceFilter@1390a8f5, org.springframework.security.web.header.HeaderWriterFilter@43c0ae97, org.springframework.security.web.authentication.logout.LogoutFilter@6311a392, org.springframework.security.web.authentication.www.BasicAuthenticationFilter@4084732f, org.springframework.security.web.savedrequest.RequestCacheAwareFilter@17dd5e89, org.springframework.security.web.servletapi.SecurityContextHolderAwareRequestFilter@512feef3, org.springframework.security.web.authentication.AnonymousAuthenticationFilter@5247e9d9, org.springframework.security.web.session.SessionManagementFilter@2d71354e, org.springframework.security.web.access.ExceptionTranslationFilter@21e4b5a3, org.springframework.security.web.access.intercept.FilterSecurityInterceptor@6cc08f2c]
2021-11-15 18:32:55.319  INFO 12118 --- [    Test worker] o.s.s.concurrent.ThreadPoolTaskExecutor  : Initializing ExecutorService 'applicationTaskExecutor'
2021-11-15 18:32:55.375  INFO 12118 --- [    Test worker] o.s.b.w.embedded.tomcat.TomcatWebServer  : Tomcat started on port(s): 8889 (http) with context path ''
2021-11-15 18:32:55.376  INFO 12118 --- [    Test worker] engine.WebQuizEngine                     : Started WebQuizEngine in 0.836 seconds (JVM running for 11.977)
?[1;31m
Start test 43?[0m
2021-11-15 18:32:55.381  INFO 12118 --- [nio-8889-exec-1] o.a.c.c.C.[Tomcat].[localhost].[/]       : Initializing Spring DispatcherServlet 'dispatcherServlet'
2021-11-15 18:32:55.382  INFO 12118 --- [nio-8889-exec-1] o.s.web.servlet.DispatcherServlet        : Initializing Servlet 'dispatcherServlet'
2021-11-15 18:32:55.385  INFO 12118 --- [nio-8889-exec-1] o.s.web.servlet.DispatcherServlet        : Completed initialization in 3 ms
?[1;31m
Start test 44?[0m
?[1;31m
Start test 45?[0m
?[1;31m
Start test 46?[0m
?[1;31m
Start test 47?[0m
?[1;31m
Start test 48?[0m
?[1;31m
Start test 49?[0m
2021-11-15 18:32:56.121  WARN 12118 --- [nio-8889-exec-8] .w.s.m.s.DefaultHandlerExceptionResolver : Resolved [org.springframework.http.converter.HttpMessageNotReadableException: JSON parse error: Unexpected character ('"' (code 34)): was expecting comma to separate Object entries; nested exception is com.fasterxml.jackson.core.JsonParseException: Unexpected character ('"' (code 34)): was expecting comma to separate Object entries
 at [Source: (PushbackInputStream); line: 4, column: 4]]
?[1;31m
Start test 50?[0m
2021-11-15 18:32:56.216  WARN 12118 --- [nio-8889-exec-9] .w.s.m.s.DefaultHandlerExceptionResolver : Resolved [org.springframework.http.converter.HttpMessageNotReadableException: JSON parse error: Unexpected character ('"' (code 34)): was expecting comma to separate Object entries; nested exception is com.fasterxml.jackson.core.JsonParseException: Unexpected character ('"' (code 34)): was expecting comma to separate Object entries
 at [Source: (PushbackInputStream); line: 5, column: 4]]
?[1;31m
Start test 51?[0m
2021-11-15 18:32:56.307  WARN 12118 --- [io-8889-exec-10] .w.s.m.s.DefaultHandlerExceptionResolver : Resolved [org.springframework.http.converter.HttpMessageNotReadableException: JSON parse error: Unexpected character ('"' (code 34)): was expecting comma to separate Object entries; nested exception is com.fasterxml.jackson.core.JsonParseException: Unexpected character ('"' (code 34)): was expecting comma to separate Object entries
 at [Source: (PushbackInputStream); line: 4, column: 4]]
?[1;31m
Start test 52?[0m
2021-11-15 18:32:56.398  WARN 12118 --- [nio-8889-exec-1] .w.s.m.s.DefaultHandlerExceptionResolver : Resolved [org.springframework.http.converter.HttpMessageNotReadableException: JSON parse error: Unexpected character ('"' (code 34)): was expecting comma to separate Object entries; nested exception is com.fasterxml.jackson.core.JsonParseException: Unexpected character ('"' (code 34)): was expecting comma to separate Object entries
 at [Source: (PushbackInputStream); line: 5, column: 4]]
?[1;31m
Start test 53?[0m
2021-11-15 18:32:56.503  WARN 12118 --- [nio-8889-exec-2] .w.s.m.s.DefaultHandlerExceptionResolver : Resolved [org.springframework.web.bind.MethodArgumentNotValidException: Validation failed for argument [0] in public org.springframework.http.ResponseEntity<engine.quiz.Quiz> engine.quiz.QuizController.createQuiz(engine.quiz.Quiz,org.springframework.security.core.userdetails.UserDetails): [Field error in object 'quiz' on field 'text': rejected value [123123123]; codes [Pattern.quiz.text,Pattern.text,Pattern.java.lang.String,Pattern]; arguments [org.springframework.context.support.DefaultMessageSourceResolvable: codes [quiz.text,text]; arguments []; default message [text],[Ljavax.validation.constraints.Pattern$Flag;@3b538981,[A-Za-z](\w\s?,?.?!?)+]; default message [must match "[A-Za-z](\w\s?,?.?!?)+"]] ]
?[1;31m
Start test 54?[0m
2021-11-15 18:32:56.597  WARN 12118 --- [nio-8889-exec-3] .w.s.m.s.DefaultHandlerExceptionResolver : Resolved [org.springframework.http.converter.HttpMessageNotReadableException: JSON parse error: Unexpected character ('"' (code 34)): was expecting comma to separate Object entries; nested exception is com.fasterxml.jackson.core.JsonParseException: Unexpected character ('"' (code 34)): was expecting comma to separate Object entries
 at [Source: (PushbackInputStream); line: 5, column: 4]]
?[1;31m
Start test 55?[0m
2021-11-15 18:32:56.689  WARN 12118 --- [nio-8889-exec-4] .w.s.m.s.DefaultHandlerExceptionResolver : Resolved [org.springframework.http.converter.HttpMessageNotReadableException: JSON parse error: Unexpected character ('"' (code 34)): was expecting comma to separate Object entries; nested exception is com.fasterxml.jackson.core.JsonParseException: Unexpected character ('"' (code 34)): was expecting comma to separate Object entries
 at [Source: (PushbackInputStream); line: 5, column: 4]]
?[1;31m
Start test 56?[0m
?[1;31m
Start test 57?[0m
[0, 1]
?[1;31m
Start test 58?[0m
?[1;31m
Start test 59?[0m
?[1;31m
Start test 60?[0m
?[1;31m
Start test 61?[0m
?[1;31m
Start test 62?[0m
?[1;31m
Start test 63?[0m
?[1;31m
Start test 64?[0m
?[1;31m
Start test 65?[0m
?[1;31m
Start test 66?[0m
?[1;31m
Start test 67?[0m
?[1;31m
Start test 68?[0m
?[1;31m
Start test 69?[0m
?[1;31m
Start test 70?[0m
?[1;31m
Start test 71?[0m
?[1;31m
Start test 72?[0m
?[1;31m
Start test 73?[0m
?[1;31m
Start test 74?[0m
?[1;31m
Start test 75?[0m
[1, 3]
?[1;31m
Start test 76?[0m
?[1;31m
Start test 77?[0m
?[1;31m
Start test 78?[0m
?[1;31m
Start test 79?[0m
?[1;31m
Start test 80?[0m
?[1;31m
Start test 81?[0m
?[1;31m
Start test 82?[0m
?[1;31m
Start test 83?[0m
?[1;31m
Start test 84?[0m
?[1;31m
Start test 85?[0m
?[1;31m
Start test 86?[0m
?[1;31m
Start test 87?[0m
?[1;31m
Start test 88?[0m
?[1;31m
Start test 89?[0m
?[1;31m
Start test 90?[0m
?[1;31m
Start test 91?[0m
?[1;31m
Start test 92?[0m
?[1;31m
Start test 93?[0m
[]
?[1;31m
Start test 94?[0m
?[1;31m
Start test 95?[0m
?[1;31m
Start test 96?[0m
?[1;31m
Start test 97?[0m
?[1;31m
Start test 98?[0m
?[1;31m
Start test 99?[0m
?[1;31m
Start test 100?[0m
?[1;31m
Start test 101?[0m
?[1;31m
Start test 102?[0m
?[1;31m
Start test 103?[0m
?[1;31m
Start test 104?[0m
?[1;31m
Start test 105?[0m
?[1;31m
Start test 106?[0m
?[1;31m
Start test 107?[0m
?[1;31m
Start test 108?[0m
?[1;31m
Start test 109?[0m
?[1;31m
Start test 110?[0m
?[1;31m
Start test 111?[0m
[]
?[1;31m
Start test 112?[0m
?[1;31m
Start test 113?[0m
?[1;31m
Start test 114?[0m
?[1;31m
Start test 115?[0m
?[1;31m
Start test 116?[0m
?[1;31m
Start test 117?[0m
?[1;31m
Start test 118?[0m
?[1;31m
Start test 119?[0m
?[1;31m
Start test 120?[0m
?[1;31m
Start test 121?[0m
?[1;31m
Start test 122?[0m
?[1;31m
Start test 123?[0m
?[1;31m
Start test 124?[0m
?[1;31m
Start test 125?[0m
?[1;31m
Start test 126?[0m
?[1;31m
Start test 127?[0m
?[1;31m
Start test 128?[0m
?[1;31m
Start test 129?[0m
[0, 1, 3]
?[1;31m
Start test 130?[0m
?[1;31m
Start test 131?[0m
?[1;31m
Start test 132?[0m
?[1;31m
Start test 133?[0m
?[1;31m
Start test 134?[0m
?[1;31m
Start test 135?[0m
?[1;31m
Start test 136?[0m
?[1;31m
Start test 137?[0m
?[1;31m
Start test 138?[0m
?[1;31m
Start test 139?[0m
?[1;31m
Start test 140?[0m
?[1;31m
Start test 141?[0m
?[1;31m
Start test 142?[0m
?[1;31m
Start test 143?[0m
?[1;31m
Start test 144?[0m
?[1;31m
Start test 145?[0m
?[1;31m
Start test 146?[0m
?[1;31m
Start test 147?[0m
2021-11-15 18:33:05.442  INFO 12118 --- [       Thread-9] o.s.s.concurrent.ThreadPoolTaskExecutor  : Shutting down ExecutorService 'applicationTaskExecutor'
2021-11-15 18:33:05.446  INFO 12118 --- [       Thread-9] j.LocalContainerEntityManagerFactoryBean : Closing JPA EntityManagerFactory for persistence unit 'default'
2021-11-15 18:33:05.448  INFO 12118 --- [       Thread-9] com.zaxxer.hikari.HikariDataSource       : HikariPool-2 - Shutdown initiated...
2021-11-15 18:33:05.766  INFO 12118 --- [       Thread-9] com.zaxxer.hikari.HikariDataSource       : HikariPool-2 - Shutdown completed.

  .   ____          _            __ _ _
 /\\ / ___'_ __ _ _(_)_ __  __ _ \ \ \ \
( ( )\___ | '_ | '_| | '_ \/ _` | \ \ \ \
 \\/  ___)| |_)| | | | | || (_| |  ) ) ) )
  '  |____| .__|_| |_|_| |_\__, | / / / /
 =========|_|==============|___/=/_/_/_/
 :: Spring Boot ::        (v2.2.2.RELEASE)

2021-11-15 18:33:05.900  INFO 12118 --- [    Test worker] engine.WebQuizEngine                     : Starting WebQuizEngine on Starlins-MBP.attlocal.net with PID 12118 (started by starlinlq in /Users/starlinlq/Desktop/Untitled/Quiz engine/Web Quiz Engine/task)
2021-11-15 18:33:05.901  INFO 12118 --- [    Test worker] engine.WebQuizEngine                     : No active profile set, falling back to default profiles: default
2021-11-15 18:33:06.060  INFO 12118 --- [    Test worker] .s.d.r.c.RepositoryConfigurationDelegate : Bootstrapping Spring Data JPA repositories in DEFAULT mode.
2021-11-15 18:33:06.067  INFO 12118 --- [    Test worker] .s.d.r.c.RepositoryConfigurationDelegate : Finished Spring Data repository scanning in 7ms. Found 2 JPA repository interfaces.
2021-11-15 18:33:06.112  INFO 12118 --- [    Test worker] trationDelegate$BeanPostProcessorChecker : Bean 'org.springframework.transaction.annotation.ProxyTransactionManagementConfiguration' of type [org.springframework.transaction.annotation.ProxyTransactionManagementConfiguration] is not eligible for getting processed by all BeanPostProcessors (for example: not eligible for auto-proxying)
2021-11-15 18:33:06.141  WARN 12118 --- [    Test worker] org.apache.tomcat.util.modeler.Registry  : The MBean registry cannot be disabled because it has already been initialised
2021-11-15 18:33:06.143  INFO 12118 --- [    Test worker] o.s.b.w.embedded.tomcat.TomcatWebServer  : Tomcat initialized with port(s): 8889 (http)
2021-11-15 18:33:06.144  INFO 12118 --- [    Test worker] o.apache.catalina.core.StandardService   : Starting service [Tomcat]
2021-11-15 18:33:06.145  INFO 12118 --- [    Test worker] org.apache.catalina.core.StandardEngine  : Starting Servlet engine: [Apache Tomcat/9.0.29]
2021-11-15 18:33:06.160  INFO 12118 --- [    Test worker] o.a.c.c.C.[Tomcat].[localhost].[/]       : Initializing Spring embedded WebApplicationContext
2021-11-15 18:33:06.160  INFO 12118 --- [    Test worker] o.s.web.context.ContextLoader            : Root WebApplicationContext: initialization completed in 257 ms
2021-11-15 18:33:06.205  INFO 12118 --- [    Test worker] com.zaxxer.hikari.HikariDataSource       : HikariPool-3 - Starting...
2021-11-15 18:33:06.210  INFO 12118 --- [    Test worker] com.zaxxer.hikari.HikariDataSource       : HikariPool-3 - Start completed.
2021-11-15 18:33:06.210  INFO 12118 --- [    Test worker] o.s.b.a.h2.H2ConsoleAutoConfiguration    : H2 console available at '/h2-console'. Database available at 'jdbc:h2:file:../quizdb'
2021-11-15 18:33:06.277  INFO 12118 --- [    Test worker] o.hibernate.jpa.internal.util.LogHelper  : HHH000204: Processing PersistenceUnitInfo [name: default]
2021-11-15 18:33:06.281  INFO 12118 --- [    Test worker] org.hibernate.dialect.Dialect            : HHH000400: Using dialect: org.hibernate.dialect.H2Dialect
2021-11-15 18:33:06.341  INFO 12118 --- [    Test worker] o.h.e.t.j.p.i.JtaPlatformInitiator       : HHH000490: Using JtaPlatform implementation: [org.hibernate.engine.transaction.jta.platform.internal.NoJtaPlatform]
2021-11-15 18:33:06.341  INFO 12118 --- [    Test worker] j.LocalContainerEntityManagerFactoryBean : Initialized JPA EntityManagerFactory for persistence unit 'default'
2021-11-15 18:33:06.359  WARN 12118 --- [    Test worker] JpaBaseConfiguration$JpaWebConfiguration : spring.jpa.open-in-view is enabled by default. Therefore, database queries may be performed during view rendering. Explicitly configure spring.jpa.open-in-view to disable this warning
2021-11-15 18:33:06.464  INFO 12118 --- [    Test worker] o.s.b.a.e.web.EndpointLinksResolver      : Exposing 14 endpoint(s) beneath base path '/actuator'
2021-11-15 18:33:06.475  INFO 12118 --- [    Test worker] o.s.s.web.DefaultSecurityFilterChain     : Creating filter chain: any request, [org.springframework.security.web.context.request.async.WebAsyncManagerIntegrationFilter@72411b99, org.springframework.security.web.context.SecurityContextPersistenceFilter@3d6d7e21, org.springframework.security.web.header.HeaderWriterFilter@7fcce38a, org.springframework.security.web.authentication.logout.LogoutFilter@4ec7d4db, org.springframework.security.web.authentication.www.BasicAuthenticationFilter@5e27a1ae, org.springframework.security.web.savedrequest.RequestCacheAwareFilter@3c25e5f6, org.springframework.security.web.servletapi.SecurityContextHolderAwareRequestFilter@24ed814b, org.springframework.security.web.authentication.AnonymousAuthenticationFilter@6f6dda73, org.springframework.security.web.session.SessionManagementFilter@70398caf, org.springframework.security.web.access.ExceptionTranslationFilter@2424adaf, org.springframework.security.web.access.intercept.FilterSecurityInterceptor@4d410d62]
2021-11-15 18:33:06.490  INFO 12118 --- [    Test worker] o.s.s.concurrent.ThreadPoolTaskExecutor  : Initializing ExecutorService 'applicationTaskExecutor'
2021-11-15 18:33:06.537  INFO 12118 --- [    Test worker] o.s.b.w.embedded.tomcat.TomcatWebServer  : Tomcat started on port(s): 8889 (http) with context path ''
2021-11-15 18:33:06.538  INFO 12118 --- [    Test worker] engine.WebQuizEngine                     : Started WebQuizEngine in 0.671 seconds (JVM running for 23.139)
?[1;31m
Start test 148?[0m
2021-11-15 18:33:06.543  INFO 12118 --- [nio-8889-exec-1] o.a.c.c.C.[Tomcat].[localhost].[/]       : Initializing Spring DispatcherServlet 'dispatcherServlet'
2021-11-15 18:33:06.544  INFO 12118 --- [nio-8889-exec-1] o.s.web.servlet.DispatcherServlet        : Initializing Servlet 'dispatcherServlet'
2021-11-15 18:33:06.547  INFO 12118 --- [nio-8889-exec-1] o.s.web.servlet.DispatcherServlet        : Completed initialization in 3 ms
?[1;31m
Start test 149?[0m
?[1;31m
Start test 150?[0m
?[1;31m
Start test 151?[0m
?[1;31m
Start test 152?[0m
?[1;31m
Start test 153?[0m
?[1;31m
Start test 154?[0m
?[1;31m
Start test 155?[0m
?[1;31m
Start test 156?[0m
?[1;31m
Start test 157?[0m
[1]
?[1;31m
Start test 158?[0m
[1]
?[1;31m
Start test 159?[0m
?[1;31m
Start test 160?[0m
?[1;31m
Start test 161?[0m
?[1;31m
Start test 162?[0m
?[1;31m
Start test 163?[0m
?[1;31m
Start test 164?[0m
?[1;31m
Start test 165?[0m
?[1;31m
Start test 166?[0m
?[1;31m
Start test 167?[0m
?[1;31m
Start test 168?[0m
?[1;31m
Start test 169?[0m
2021-11-15 18:33:09.290  INFO 12118 --- [      Thread-12] o.s.s.concurrent.ThreadPoolTaskExecutor  : Shutting down ExecutorService 'applicationTaskExecutor'
2021-11-15 18:33:09.292  INFO 12118 --- [      Thread-12] j.LocalContainerEntityManagerFactoryBean : Closing JPA EntityManagerFactory for persistence unit 'default'
2021-11-15 18:33:09.293  INFO 12118 --- [      Thread-12] com.zaxxer.hikari.HikariDataSource       : HikariPool-3 - Shutdown initiated...
2021-11-15 18:33:09.615  INFO 12118 --- [      Thread-12] com.zaxxer.hikari.HikariDataSource       : HikariPool-3 - Shutdown completed.

  .   ____          _            __ _ _
 /\\ / ___'_ __ _ _(_)_ __  __ _ \ \ \ \
( ( )\___ | '_ | '_| | '_ \/ _` | \ \ \ \
 \\/  ___)| |_)| | | | | || (_| |  ) ) ) )
  '  |____| .__|_| |_|_| |_\__, | / / / /
 =========|_|==============|___/=/_/_/_/
 :: Spring Boot ::        (v2.2.2.RELEASE)

2021-11-15 18:33:09.741  INFO 12118 --- [    Test worker] engine.WebQuizEngine                     : Starting WebQuizEngine on Starlins-MBP.attlocal.net with PID 12118 (started by starlinlq in /Users/starlinlq/Desktop/Untitled/Quiz engine/Web Quiz Engine/task)
2021-11-15 18:33:09.741  INFO 12118 --- [    Test worker] engine.WebQuizEngine                     : No active profile set, falling back to default profiles: default
2021-11-15 18:33:09.910  INFO 12118 --- [    Test worker] .s.d.r.c.RepositoryConfigurationDelegate : Bootstrapping Spring Data JPA repositories in DEFAULT mode.
2021-11-15 18:33:09.916  INFO 12118 --- [    Test worker] .s.d.r.c.RepositoryConfigurationDelegate : Finished Spring Data repository scanning in 6ms. Found 2 JPA repository interfaces.
2021-11-15 18:33:09.956  INFO 12118 --- [    Test worker] trationDelegate$BeanPostProcessorChecker : Bean 'org.springframework.transaction.annotation.ProxyTransactionManagementConfiguration' of type [org.springframework.transaction.annotation.ProxyTransactionManagementConfiguration] is not eligible for getting processed by all BeanPostProcessors (for example: not eligible for auto-proxying)
2021-11-15 18:33:09.981  WARN 12118 --- [    Test worker] org.apache.tomcat.util.modeler.Registry  : The MBean registry cannot be disabled because it has already been initialised
2021-11-15 18:33:09.983  INFO 12118 --- [    Test worker] o.s.b.w.embedded.tomcat.TomcatWebServer  : Tomcat initialized with port(s): 8889 (http)
2021-11-15 18:33:09.984  INFO 12118 --- [    Test worker] o.apache.catalina.core.StandardService   : Starting service [Tomcat]
2021-11-15 18:33:09.984  INFO 12118 --- [    Test worker] org.apache.catalina.core.StandardEngine  : Starting Servlet engine: [Apache Tomcat/9.0.29]
2021-11-15 18:33:09.998  INFO 12118 --- [    Test worker] o.a.c.c.C.[Tomcat].[localhost].[/]       : Initializing Spring embedded WebApplicationContext
2021-11-15 18:33:09.999  INFO 12118 --- [    Test worker] o.s.web.context.ContextLoader            : Root WebApplicationContext: initialization completed in 256 ms
2021-11-15 18:33:10.037  INFO 12118 --- [    Test worker] com.zaxxer.hikari.HikariDataSource       : HikariPool-4 - Starting...
2021-11-15 18:33:10.041  INFO 12118 --- [    Test worker] com.zaxxer.hikari.HikariDataSource       : HikariPool-4 - Start completed.
2021-11-15 18:33:10.042  INFO 12118 --- [    Test worker] o.s.b.a.h2.H2ConsoleAutoConfiguration    : H2 console available at '/h2-console'. Database available at 'jdbc:h2:file:../quizdb'
2021-11-15 18:33:10.116  INFO 12118 --- [    Test worker] o.hibernate.jpa.internal.util.LogHelper  : HHH000204: Processing PersistenceUnitInfo [name: default]
2021-11-15 18:33:10.121  INFO 12118 --- [    Test worker] org.hibernate.dialect.Dialect            : HHH000400: Using dialect: org.hibernate.dialect.H2Dialect
2021-11-15 18:33:10.185  INFO 12118 --- [    Test worker] o.h.e.t.j.p.i.JtaPlatformInitiator       : HHH000490: Using JtaPlatform implementation: [org.hibernate.engine.transaction.jta.platform.internal.NoJtaPlatform]
2021-11-15 18:33:10.186  INFO 12118 --- [    Test worker] j.LocalContainerEntityManagerFactoryBean : Initialized JPA EntityManagerFactory for persistence unit 'default'
2021-11-15 18:33:10.204  WARN 12118 --- [    Test worker] JpaBaseConfiguration$JpaWebConfiguration : spring.jpa.open-in-view is enabled by default. Therefore, database queries may be performed during view rendering. Explicitly configure spring.jpa.open-in-view to disable this warning
2021-11-15 18:33:10.334  INFO 12118 --- [    Test worker] o.s.b.a.e.web.EndpointLinksResolver      : Exposing 14 endpoint(s) beneath base path '/actuator'
2021-11-15 18:33:10.345  INFO 12118 --- [    Test worker] o.s.s.web.DefaultSecurityFilterChain     : Creating filter chain: any request, [org.springframework.security.web.context.request.async.WebAsyncManagerIntegrationFilter@4cdac7ee, org.springframework.security.web.context.SecurityContextPersistenceFilter@427eb05f, org.springframework.security.web.header.HeaderWriterFilter@1585f15f, org.springframework.security.web.authentication.logout.LogoutFilter@3f798a03, org.springframework.security.web.authentication.www.BasicAuthenticationFilter@10b7ffda, org.springframework.security.web.savedrequest.RequestCacheAwareFilter@7869f93e, org.springframework.security.web.servletapi.SecurityContextHolderAwareRequestFilter@425ce065, org.springframework.security.web.authentication.AnonymousAuthenticationFilter@639df7d9, org.springframework.security.web.session.SessionManagementFilter@1e7a8bcf, org.springframework.security.web.access.ExceptionTranslationFilter@654bfcc2, org.springframework.security.web.access.intercept.FilterSecurityInterceptor@38f9992f]
2021-11-15 18:33:10.361  INFO 12118 --- [    Test worker] o.s.s.concurrent.ThreadPoolTaskExecutor  : Initializing ExecutorService 'applicationTaskExecutor'
2021-11-15 18:33:10.408  INFO 12118 --- [    Test worker] o.s.b.w.embedded.tomcat.TomcatWebServer  : Tomcat started on port(s): 8889 (http) with context path ''
2021-11-15 18:33:10.409  INFO 12118 --- [    Test worker] engine.WebQuizEngine                     : Started WebQuizEngine in 0.689 seconds (JVM running for 27.01)
?[1;31m
Start test 170?[0m
2021-11-15 18:33:10.414  INFO 12118 --- [nio-8889-exec-1] o.a.c.c.C.[Tomcat].[localhost].[/]       : Initializing Spring DispatcherServlet 'dispatcherServlet'
2021-11-15 18:33:10.414  INFO 12118 --- [nio-8889-exec-1] o.s.web.servlet.DispatcherServlet        : Initializing Servlet 'dispatcherServlet'
2021-11-15 18:33:10.418  INFO 12118 --- [nio-8889-exec-1] o.s.web.servlet.DispatcherServlet        : Completed initialization in 4 ms
?[1;31m
Start test 171?[0m
?[1;31m
Start test 172?[0m
?[1;31m
Start test 173?[0m
?[1;31m
Start test 174?[0m
]]></system-out>
  <system-err><![CDATA[]]></system-err>
</testsuite>
