<?xml version="1.0" encoding="UTF-8"?>
<testsuite name="RecipesApplicationTest" tests="1" skipped="0" failures="0" errors="0" timestamp="2021-12-02T00:14:35" hostname="Starlins-MBP.attlocal.net" time="3.574">
  <properties/>
  <testcase name="start" classname="RecipesApplicationTest" time="3.574"/>
  <system-out><![CDATA[?[1;31m
Start test 1?[0m

  .   ____          _            __ _ _
 /\\ / ___'_ __ _ _(_)_ __  __ _ \ \ \ \
( ( )\___ | '_ | '_| | '_ \/ _` | \ \ \ \
 \\/  ___)| |_)| | | | | || (_| |  ) ) ) )
  '  |____| .__|_| |_|_| |_\__, | / / / /
 =========|_|==============|___/=/_/_/_/
 :: Spring Boot ::                (v2.5.6)

2021-12-01 18:14:36.086  INFO 16971 --- [    Test worker] recipes.RecipesApplication               : Starting RecipesApplication using Java 17 on Starlins-MBP.attlocal.net with PID 16971 (started by starlinlq in /Users/starlinlq/Desktop/Untitled/Recipes/Recipes/task)
2021-12-01 18:14:36.090  INFO 16971 --- [    Test worker] recipes.RecipesApplication               : No active profile set, falling back to default profiles: default
2021-12-01 18:14:37.290  INFO 16971 --- [    Test worker] o.s.b.w.embedded.tomcat.TomcatWebServer  : Tomcat initialized with port(s): 8080 (http)
2021-12-01 18:14:37.309  INFO 16971 --- [    Test worker] o.apache.catalina.core.StandardService   : Starting service [Tomcat]
2021-12-01 18:14:37.309  INFO 16971 --- [    Test worker] org.apache.catalina.core.StandardEngine  : Starting Servlet engine: [Apache Tomcat/9.0.54]
2021-12-01 18:14:37.409  INFO 16971 --- [    Test worker] o.a.c.c.C.[Tomcat].[localhost].[/]       : Initializing Spring embedded WebApplicationContext
2021-12-01 18:14:37.410  INFO 16971 --- [    Test worker] w.s.c.ServletWebServerApplicationContext : Root WebApplicationContext: initialization completed in 1261 ms
2021-12-01 18:14:38.033  INFO 16971 --- [    Test worker] o.s.b.a.e.web.EndpointLinksResolver      : Exposing 1 endpoint(s) beneath base path '/actuator'
2021-12-01 18:14:38.071  INFO 16971 --- [    Test worker] o.s.b.w.embedded.tomcat.TomcatWebServer  : Tomcat started on port(s): 8080 (http) with context path ''
2021-12-01 18:14:38.085  INFO 16971 --- [    Test worker] recipes.RecipesApplication               : Started RecipesApplication in 2.634 seconds (JVM running for 3.76)
2021-12-01 18:14:38.453  INFO 16971 --- [nio-8080-exec-1] o.a.c.c.C.[Tomcat].[localhost].[/]       : Initializing Spring DispatcherServlet 'dispatcherServlet'
2021-12-01 18:14:38.453  INFO 16971 --- [nio-8080-exec-1] o.s.web.servlet.DispatcherServlet        : Initializing Servlet 'dispatcherServlet'
2021-12-01 18:14:38.455  INFO 16971 --- [nio-8080-exec-1] o.s.web.servlet.DispatcherServlet        : Completed initialization in 2 ms
?[1;31m
Start test 2?[0m
?[1;31m
Start test 3?[0m
?[1;31m
Start test 4?[0m
?[1;31m
Start test 5?[0m
]]></system-out>
  <system-err><![CDATA[]]></system-err>
</testsuite>
